<?xml version="1.0" encoding="UTF-8"?>
<!-- Generated by org.testng.reporters.JUnitXMLReporter -->
<testsuite hostname="CDAC" ignored="0" name="Default test" tests="13" failures="0" timestamp="2020-09-21T10:35:52 IST" time="726.733" errors="0">
  <testcase name="checkElementVisibleOnMouseHover" time="182.735" classname="TestCasePackage.TestClass"/>
  <testcase name="checkFieldDisplayed" time="87.191" classname="TestCasePackage.TestClass"/>
  <testcase name="checkFieldIsHidden" time="31.331" classname="TestCasePackage.TestClass"/>
  <testcase name="navigatetionOfPracticePage" time="25.015" classname="TestCasePackage.TestClass"/>
  <testcase name="searchInIFrame" time="92.629" classname="TestCasePackage.TestClass"/>
  <testcase name="selectFromWebTable" time="91.363" classname="TestCasePackage.TestClass"/>
  <testcase name="selectMultipleValueFromDropDown" time="27.045" classname="TestCasePackage.TestClass"/>
  <testcase name="selectRadioButton" time="23.562" classname="TestCasePackage.TestClass"/>
  <testcase name="selectValueFromCheckBox" time="22.618" classname="TestCasePackage.TestClass"/>
  <testcase name="switchToalertAccept" time="44.733" classname="TestCasePackage.TestClass"/>
  <testcase name="switchToalertDismiss" time="25.504" classname="TestCasePackage.TestClass"/>
  <testcase name="varifySwitchWindowFunctionality" time="27.0" classname="TestCasePackage.TestClass"/>
  <testcase name="verifyNewTabOpened" time="43.522" classname="TestCasePackage.TestClass"/>
</testsuite> <!-- Default test -->
