<?xml version="1.0" encoding="UTF-8"?>
<testng-results skipped="0" failed="0" ignored="0" total="13" passed="13">
  <reporter-output>
  </reporter-output>
  <suite name="Default suite" duration-ms="726733" started-at="2020-09-21T10:23:45 IST" finished-at="2020-09-21T10:35:52 IST">
    <groups>
    </groups>
    <test name="Default test" duration-ms="726733" started-at="2020-09-21T10:23:45 IST" finished-at="2020-09-21T10:35:52 IST">
      <class name="TestCasePackage.TestClass">
        <test-method status="PASS" signature="checkElementVisibleOnMouseHover()[pri:0, instance:TestCasePackage.TestClass@47ef968d]" name="checkElementVisibleOnMouseHover" duration-ms="182735" started-at="2020-09-21T10:23:45 IST" finished-at="2020-09-21T10:26:48 IST">
          <reporter-output>
          </reporter-output>
        </test-method> <!-- checkElementVisibleOnMouseHover -->
        <test-method status="PASS" signature="checkFieldDisplayed()[pri:0, instance:TestCasePackage.TestClass@47ef968d]" name="checkFieldDisplayed" duration-ms="87191" started-at="2020-09-21T10:26:50 IST" finished-at="2020-09-21T10:28:18 IST">
          <reporter-output>
          </reporter-output>
        </test-method> <!-- checkFieldDisplayed -->
        <test-method status="PASS" signature="checkFieldIsHidden()[pri:0, instance:TestCasePackage.TestClass@47ef968d]" name="checkFieldIsHidden" duration-ms="31331" started-at="2020-09-21T10:28:18 IST" finished-at="2020-09-21T10:28:49 IST">
          <reporter-output>
          </reporter-output>
        </test-method> <!-- checkFieldIsHidden -->
        <test-method status="PASS" signature="navigatetionOfPracticePage()[pri:0, instance:TestCasePackage.TestClass@47ef968d]" name="navigatetionOfPracticePage" duration-ms="25015" started-at="2020-09-21T10:28:49 IST" finished-at="2020-09-21T10:29:14 IST">
          <reporter-output>
          </reporter-output>
        </test-method> <!-- navigatetionOfPracticePage -->
        <test-method status="PASS" signature="searchInIFrame()[pri:0, instance:TestCasePackage.TestClass@47ef968d]" name="searchInIFrame" duration-ms="92629" started-at="2020-09-21T10:29:14 IST" finished-at="2020-09-21T10:30:47 IST">
          <reporter-output>
          </reporter-output>
        </test-method> <!-- searchInIFrame -->
        <test-method status="PASS" signature="selectFromWebTable()[pri:0, instance:TestCasePackage.TestClass@47ef968d]" name="selectFromWebTable" duration-ms="91363" started-at="2020-09-21T10:30:47 IST" finished-at="2020-09-21T10:32:18 IST">
          <reporter-output>
          </reporter-output>
        </test-method> <!-- selectFromWebTable -->
        <test-method status="PASS" signature="selectMultipleValueFromDropDown()[pri:0, instance:TestCasePackage.TestClass@47ef968d]" name="selectMultipleValueFromDropDown" duration-ms="27045" started-at="2020-09-21T10:32:18 IST" finished-at="2020-09-21T10:32:45 IST">
          <reporter-output>
          </reporter-output>
        </test-method> <!-- selectMultipleValueFromDropDown -->
        <test-method status="PASS" signature="selectRadioButton()[pri:0, instance:TestCasePackage.TestClass@47ef968d]" name="selectRadioButton" duration-ms="23562" started-at="2020-09-21T10:32:45 IST" finished-at="2020-09-21T10:33:09 IST">
          <reporter-output>
          </reporter-output>
        </test-method> <!-- selectRadioButton -->
        <test-method status="PASS" signature="selectValueFromCheckBox()[pri:0, instance:TestCasePackage.TestClass@47ef968d]" name="selectValueFromCheckBox" duration-ms="22618" started-at="2020-09-21T10:33:09 IST" finished-at="2020-09-21T10:33:31 IST">
          <reporter-output>
          </reporter-output>
        </test-method> <!-- selectValueFromCheckBox -->
        <test-method status="PASS" signature="switchToalertAccept()[pri:0, instance:TestCasePackage.TestClass@47ef968d]" name="switchToalertAccept" duration-ms="44733" started-at="2020-09-21T10:33:31 IST" finished-at="2020-09-21T10:34:16 IST">
          <reporter-output>
          </reporter-output>
        </test-method> <!-- switchToalertAccept -->
        <test-method status="PASS" signature="switchToalertDismiss()[pri:0, instance:TestCasePackage.TestClass@47ef968d]" name="switchToalertDismiss" duration-ms="25504" started-at="2020-09-21T10:34:16 IST" finished-at="2020-09-21T10:34:41 IST">
          <reporter-output>
          </reporter-output>
        </test-method> <!-- switchToalertDismiss -->
        <test-method status="PASS" signature="varifySwitchWindowFunctionality()[pri:0, instance:TestCasePackage.TestClass@47ef968d]" name="varifySwitchWindowFunctionality" duration-ms="27000" started-at="2020-09-21T10:34:41 IST" finished-at="2020-09-21T10:35:08 IST">
          <reporter-output>
          </reporter-output>
        </test-method> <!-- varifySwitchWindowFunctionality -->
        <test-method status="PASS" signature="verifyNewTabOpened()[pri:0, instance:TestCasePackage.TestClass@47ef968d]" name="verifyNewTabOpened" duration-ms="43522" started-at="2020-09-21T10:35:08 IST" finished-at="2020-09-21T10:35:52 IST">
          <reporter-output>
          </reporter-output>
        </test-method> <!-- verifyNewTabOpened -->
      </class> <!-- TestCasePackage.TestClass -->
    </test> <!-- Default test -->
  </suite> <!-- Default suite -->
</testng-results>
